<?xml version="1.0" encoding="UTF-8"?>
<!-- Generated by org.testng.reporters.JUnitReportReporter -->
<testsuite skipped="0" hostname="VIVEK_PATEL" name="AutomationPractise.test.RegistrationTest.RegistrationTest" tests="1" failures="0" timestamp="2022-05-17T17:23:19 EDT" time="17.629" errors="0">
  <testcase name="ValidateRegistrationPositiveFlow" time="17.629" classname="AutomationPractise.test.RegistrationTest.RegistrationTest"/>
  <system-out/>
</testsuite> <!-- AutomationPractise.test.RegistrationTest.RegistrationTest -->
